Server [Fri Aug 02 11:03:48 MSK 2024]: Анна присоединился к чату
Server [Fri Aug 02 11:03:57 MSK 2024]: Василий присоединился к чату
Василий [Fri Aug 02 11:04:06 MSK 2024]: Доброе утро!
Server [Fri Aug 02 11:04:06 MSK 2024]: Василий: Доброе утро!
Анна [Fri Aug 02 11:04:30 MSK 2024]: Здравствуйте
Server [Fri Aug 02 11:04:30 MSK 2024]: Анна: Здравствуйте
Василий [Fri Aug 02 11:04:47 MSK 2024]: В каком городе вы живете?
Server [Fri Aug 02 11:04:47 MSK 2024]: Василий: В каком городе вы живете?
Анна [Fri Aug 02 11:04:56 MSK 2024]: Казань, а вы?
Server [Fri Aug 02 11:04:56 MSK 2024]: Анна: Казань, а вы?
Василий [Fri Aug 02 11:05:01 MSK 2024]: Москва
Server [Fri Aug 02 11:05:01 MSK 2024]: Василий: Москва
Анна [Fri Aug 02 11:05:16 MSK 2024]: Классно, какая у вас погода?
Server [Fri Aug 02 11:05:16 MSK 2024]: Анна: Классно, какая у вас погода?
Василий [Fri Aug 02 11:05:34 MSK 2024]: Солнечная
Server [Fri Aug 02 11:05:34 MSK 2024]: Василий: Солнечная
Василий [Fri Aug 02 11:05:43 MSK 2024]: \exit
Server [Fri Aug 02 11:05:43 MSK 2024]: Василий: \exit
Server [Fri Aug 02 11:05:54 MSK 2024]: Анна вышел из чата
Server [Fri Aug 02 11:06:02 MSK 2024]: Василий вышел из чата

